<?xml version="1.0" encoding="UTF-8" ?>
<testsuite errors="0" failures="0" hostname="beaver1" name="robomagellan.MotorTest" tests="1" time="94.974" timestamp="2008-12-05T09:10:18">
  <properties>
    <property name="java.runtime.name" value="Java(TM) SE Runtime Environment" />
    <property name="sun.boot.library.path" value="/usr/lib/jvm/java-6-sun-1.6.0.10/jre/lib/i386" />
    <property name="java.vm.version" value="11.0-b15" />
    <property name="java.vm.vendor" value="Sun Microsystems Inc." />
    <property name="java.vendor.url" value="http://java.sun.com/" />
    <property name="path.separator" value=":" />
    <property name="java.vm.name" value="Java HotSpot(TM) Client VM" />
    <property name="file.encoding.pkg" value="sun.io" />
    <property name="user.country" value="US" />
    <property name="sun.java.launcher" value="SUN_STANDARD" />
    <property name="sun.os.patch.level" value="unknown" />
    <property name="java.vm.specification.name" value="Java Virtual Machine Specification" />
    <property name="user.dir" value="/home/robomagellan/NetBeansProjects/motors" />
    <property name="java.runtime.version" value="1.6.0_10-b33" />
    <property name="java.awt.graphicsenv" value="sun.awt.X11GraphicsEnvironment" />
    <property name="java.endorsed.dirs" value="/usr/lib/jvm/java-6-sun-1.6.0.10/jre/lib/endorsed" />
    <property name="os.arch" value="i386" />
    <property name="java.io.tmpdir" value="/tmp" />
    <property name="line.separator" value="
" />
    <property name="java.vm.specification.vendor" value="Sun Microsystems Inc." />
    <property name="os.name" value="Linux" />
    <property name="sun.jnu.encoding" value="UTF-8" />
    <property name="java.library.path" value="/usr/lib/jvm/java-6-sun-1.6.0.10/jre/lib/i386/client:/usr/lib/jvm/java-6-sun-1.6.0.10/jre/lib/i386:/usr/lib/jvm/java-6-sun-1.6.0.10/jre/../lib/i386:/usr/java/packages/lib/i386:/lib:/usr/lib" />
    <property name="java.specification.name" value="Java Platform API Specification" />
    <property name="java.class.version" value="50.0" />
    <property name="sun.management.compiler" value="HotSpot Client Compiler" />
    <property name="os.version" value="2.6.27-7-generic" />
    <property name="user.home" value="/home/robomagellan" />
    <property name="user.timezone" value="" />
    <property name="java.awt.printerjob" value="sun.print.PSPrinterJob" />
    <property name="file.encoding" value="UTF-8" />
    <property name="java.specification.version" value="1.6" />
    <property name="user.name" value="robomagellan" />
    <property name="java.class.path" value="/usr/local/netbeans-6.5/java2/ant/patches/72080.jar:/usr/local/netbeans-6.5/java2/ant/patches/ant-42275.jar:/usr/local/netbeans-6.5/java2/ant/lib/ant.jar:/usr/local/netbeans-6.5/java2/ant/lib/ant-junit.jar:/home/robomagellan/NetBeansProjects/helpers/build/classes:/home/robomagellan/NetBeansProjects/helpers/src:/home/robomagellan/NetBeansProjects/motors/build/classes:/home/robomagellan/NetBeansProjects/motors/src:/usr/local/netbeans-6.5/platform9/modules/ext/junit-4.5.jar:/home/robomagellan/NetBeansProjects/motors/build/test/classes:/home/robomagellan/NetBeansProjects/motors/test" />
    <property name="java.vm.specification.version" value="1.0" />
    <property name="sun.arch.data.model" value="32" />
    <property name="java.home" value="/usr/lib/jvm/java-6-sun-1.6.0.10/jre" />
    <property name="java.specification.vendor" value="Sun Microsystems Inc." />
    <property name="user.language" value="en" />
    <property name="java.vm.info" value="mixed mode" />
    <property name="java.version" value="1.6.0_10" />
    <property name="java.ext.dirs" value="/usr/lib/jvm/java-6-sun-1.6.0.10/jre/lib/ext:/usr/java/packages/lib/ext" />
    <property name="sun.boot.class.path" value="/usr/lib/jvm/java-6-sun-1.6.0.10/jre/lib/resources.jar:/usr/lib/jvm/java-6-sun-1.6.0.10/jre/lib/rt.jar:/usr/lib/jvm/java-6-sun-1.6.0.10/jre/lib/sunrsasign.jar:/usr/lib/jvm/java-6-sun-1.6.0.10/jre/lib/jsse.jar:/usr/lib/jvm/java-6-sun-1.6.0.10/jre/lib/jce.jar:/usr/lib/jvm/java-6-sun-1.6.0.10/jre/lib/charsets.jar:/usr/lib/jvm/java-6-sun-1.6.0.10/jre/classes" />
    <property name="java.vendor" value="Sun Microsystems Inc." />
    <property name="file.separator" value="/" />
    <property name="java.vendor.url.bug" value="http://java.sun.com/cgi-bin/bugreport.cgi" />
    <property name="sun.cpu.endian" value="little" />
    <property name="sun.io.unicode.encoding" value="UnicodeLittle" />
    <property name="sun.cpu.isalist" value="" />
  </properties>
  <testcase classname="robomagellan.MotorTest" name="testSetSpeed" time="94.836" />
  <system-out><![CDATA[Stable Library
=========================================
Native lib Version = RXTX-2.1-7
Java lib Version   = RXTX-2.1-7
Found port /dev/ttyUSB0
Attempting to Connect to Motors at/dev/ttyUSB0
Baud Rate is: 4800
Data Bits is: 8
Stop Bits is: 1
Parity Bits is: 0
]]></system-out>
  <system-err><![CDATA[]]></system-err>
</testsuite>
